
ROM used:   1629/8192 (20%)
            1629/8192 (20%) including unused fragments

            0.5 Average locations per line
            4.2 Average locations per statement

RAM used:   9/368 (2%) at main() level
            36/368 (10%) worst case

Stack used: 5 worst case (5 in main + 0 for interrupts)
Stack size: 8

Lines Stmts  %   Files
----- ----- ---  -----
   41    19   5  main.c
   14     0   0  main.h
  768     0   0  D:\PIC\PICC\Devices\16F887.h
  256    88  23  lcd.h
 2229   257  67  D:\PIC\PICC\Drivers\math.h
   50     0   0  DS18B20.c
   44    22   6  one_wire_td.c
----- -----
 3402   386 Total

Page ROM  %  RAM   Vol Diff  Functions:
---- --- --- ---   --- ----  ----------
0     34   2    1  1121 10.1  @PUTCHAR_1_
0    117   7   13   104  3.0  @MULFF
 Inline        14  1071  8.0  @DIVFF
 Inline         2   104  3.0  @SITOF
0     21   1    1   104  3.0  @delay_ms2
0      8   0    0   104  3.0  @const788
0     58   4    2   594  4.3  lcd_init
 Inline         3   620  3.8  lcd_read_byte
0     49   3    2   204  3.2  lcd_read_nibble
0     87   5    3   313  3.4  lcd_send_byte
0     43   3    1   336  1.9  lcd_send_nibble
0     35   2    4   335  5.5  lcd_gotoxy
0     36   2    1   280  3.6  lcd_putc
0     19   1    0    86  1.3  onewire_reset
0     30   2    2   272  4.3  onewire_write
0     35   2    2   279  4.6  onewire_read
0    314  19   13   474  4.3  ds18b20_read
0    119   7    4   455  2.8  MAIN
0      8   0    0  1575  5.4  @const820
0     86   5    4             @PSTRINGC7_786
0      9   1    0             @const822
0     31   2    5   104  3.0  @FTOSD
0     79   5   13   104  3.0  @DIV3232
0    197  12   13   104  3.0  @PRINTF_L32D_786FPFPF
0    197  12   13             @PRINTF_L32D_620FPFPF
0     13   1    2   104  3.0  _Delay
 Inline         0             @cinit1

Program metrics:
    Functions               23
    Statements              386
    Comments                559
    Volume (V)              15252
    Difficulty (D)          92.1
    Effort to implement (E) 1404103
    Time to implement (T)   21 hours, 40 minutes
    Est Delivered Bugs (B)  4
    Cyclomatic Complexity   33
    Maintainability (MI)    140

 Segment     Used  Free
-----------  ----  ----
00000-00003     4  0  
00004-007FF  1625  419  
00800-00FFF     0  2048  
01000-017FF     0  2048  
01800-01FFF     0  2048  



